<?xml version="1.0" encoding="UTF-8"?>
<testng-results ignored="1" total="10" passed="8" failed="1" skipped="0">
  <reporter-output>
  </reporter-output>
  <suite started-at="2023-06-19T10:50:21 IST" name="Suite" finished-at="2023-06-19T10:50:28 IST" duration-ms="6930">
    <groups>
    </groups>
    <test started-at="2023-06-19T10:50:21 IST" name="Test" finished-at="2023-06-19T10:50:28 IST" duration-ms="6930">
      <class name="com.testcase.TC_01_GetUsers_Test">
        <test-method is-config="true" signature="setUp()[pri:0, instance:com.testcase.TC_01_GetUsers_Test@1c5920df]" started-at="2023-06-19T10:50:21 IST" name="setUp" finished-at="2023-06-19T10:50:21 IST" duration-ms="231" status="PASS">
          <reporter-output>
          </reporter-output>
        </test-method> <!-- setUp -->
        <test-method is-config="true" signature="getAllUsers()[pri:0, instance:com.testcase.TC_01_GetUsers_Test@1c5920df]" started-at="2023-06-19T10:50:21 IST" name="getAllUsers" finished-at="2023-06-19T10:50:27 IST" duration-ms="5401" status="PASS">
          <reporter-output>
          </reporter-output>
        </test-method> <!-- getAllUsers -->
        <test-method signature="testResponseBody()[pri:0, instance:com.testcase.TC_01_GetUsers_Test@1c5920df]" started-at="2023-06-19T10:50:27 IST" name="testResponseBody" finished-at="2023-06-19T10:50:27 IST" duration-ms="121" status="PASS">
          <reporter-output>
          </reporter-output>
        </test-method> <!-- testResponseBody -->
        <test-method signature="testResponseTime()[pri:0, instance:com.testcase.TC_01_GetUsers_Test@1c5920df]" started-at="2023-06-19T10:50:27 IST" name="testResponseTime" finished-at="2023-06-19T10:50:27 IST" duration-ms="49" status="FAIL">
          <exception class="java.lang.AssertionError">
            <message>
              <![CDATA[expected [true] but found [false]]]>
            </message>
            <full-stacktrace>
              <![CDATA[java.lang.AssertionError: expected [true] but found [false]
at org.testng.Assert.fail(Assert.java:99)
at org.testng.Assert.failNotEquals(Assert.java:1037)
at org.testng.Assert.assertTrue(Assert.java:45)
at org.testng.Assert.assertTrue(Assert.java:55)
at com.testcase.TC_01_GetUsers_Test.testResponseTime(TC_01_GetUsers_Test.java:62)
at java.base/jdk.internal.reflect.DirectMethodHandleAccessor.invoke(DirectMethodHandleAccessor.java:104)
at java.base/java.lang.reflect.Method.invoke(Method.java:578)
at org.testng.internal.MethodInvocationHelper.invokeMethod(MethodInvocationHelper.java:133)
at org.testng.internal.TestInvoker.invokeMethod(TestInvoker.java:598)
at org.testng.internal.TestInvoker.invokeTestMethod(TestInvoker.java:173)
at org.testng.internal.MethodRunner.runInSequence(MethodRunner.java:46)
at org.testng.internal.TestInvoker$MethodInvocationAgent.invoke(TestInvoker.java:824)
at org.testng.internal.TestInvoker.invokeTestMethods(TestInvoker.java:146)
at org.testng.internal.TestMethodWorker.invokeTestMethods(TestMethodWorker.java:146)
at org.testng.internal.TestMethodWorker.run(TestMethodWorker.java:128)
at java.base/java.util.ArrayList.forEach(ArrayList.java:1511)
at org.testng.TestRunner.privateRun(TestRunner.java:794)
at org.testng.TestRunner.run(TestRunner.java:596)
at org.testng.SuiteRunner.runTest(SuiteRunner.java:377)
at org.testng.SuiteRunner.runSequentially(SuiteRunner.java:371)
at org.testng.SuiteRunner.privateRun(SuiteRunner.java:332)
at org.testng.SuiteRunner.run(SuiteRunner.java:276)
at org.testng.SuiteRunnerWorker.runSuite(SuiteRunnerWorker.java:53)
at org.testng.SuiteRunnerWorker.run(SuiteRunnerWorker.java:96)
at org.testng.TestNG.runSuitesSequentially(TestNG.java:1212)
at org.testng.TestNG.runSuitesLocally(TestNG.java:1134)
at org.testng.TestNG.runSuites(TestNG.java:1063)
at org.testng.TestNG.run(TestNG.java:1031)
at org.testng.remote.AbstractRemoteTestNG.run(AbstractRemoteTestNG.java:115)
at org.testng.remote.RemoteTestNG.initAndRun(RemoteTestNG.java:251)
at org.testng.remote.RemoteTestNG.main(RemoteTestNG.java:77)
]]>
            </full-stacktrace>
          </exception> <!-- java.lang.AssertionError -->
          <reporter-output>
          </reporter-output>
        </test-method> <!-- testResponseTime -->
        <test-method signature="testStatusCode()[pri:0, instance:com.testcase.TC_01_GetUsers_Test@1c5920df]" started-at="2023-06-19T10:50:27 IST" name="testStatusCode" finished-at="2023-06-19T10:50:27 IST" duration-ms="31" status="PASS">
          <reporter-output>
          </reporter-output>
        </test-method> <!-- testStatusCode -->
        <test-method signature="testStatusLine()[pri:0, instance:com.testcase.TC_01_GetUsers_Test@1c5920df]" started-at="2023-06-19T10:50:27 IST" name="testStatusLine" finished-at="2023-06-19T10:50:27 IST" duration-ms="29" status="PASS">
          <reporter-output>
          </reporter-output>
        </test-method> <!-- testStatusLine -->
        <test-method is-config="true" signature="tearDown()[pri:0, instance:com.testcase.TC_01_GetUsers_Test@1c5920df]" started-at="2023-06-19T10:50:27 IST" name="tearDown" finished-at="2023-06-19T10:50:27 IST" duration-ms="4" status="PASS">
          <reporter-output>
          </reporter-output>
        </test-method> <!-- tearDown -->
      </class> <!-- com.testcase.TC_01_GetUsers_Test -->
      <class name="com.testcase.TC_02_GetSingleUserDetails$TC01_GetUser_Test">
        <test-method is-config="true" signature="setUp()[pri:0, instance:com.testcase.TC_02_GetSingleUserDetails$TC01_GetUser_Test@79e4c792]" started-at="2023-06-19T10:50:27 IST" name="setUp" finished-at="2023-06-19T10:50:27 IST" duration-ms="15" status="PASS">
          <reporter-output>
          </reporter-output>
        </test-method> <!-- setUp -->
        <test-method is-config="true" signature="getSelectedUser()[pri:0, instance:com.testcase.TC_02_GetSingleUserDetails$TC01_GetUser_Test@79e4c792]" started-at="2023-06-19T10:50:27 IST" name="getSelectedUser" finished-at="2023-06-19T10:50:27 IST" duration-ms="285" status="PASS">
          <reporter-output>
          </reporter-output>
        </test-method> <!-- getSelectedUser -->
        <test-method signature="testContentType()[pri:0, instance:com.testcase.TC_02_GetSingleUserDetails$TC01_GetUser_Test@79e4c792]" started-at="2023-06-19T10:50:27 IST" name="testContentType" finished-at="2023-06-19T10:50:27 IST" duration-ms="7" status="PASS">
          <reporter-output>
          </reporter-output>
        </test-method> <!-- testContentType -->
        <test-method signature="testResponseBody()[pri:0, instance:com.testcase.TC_02_GetSingleUserDetails$TC01_GetUser_Test@79e4c792]" started-at="2023-06-19T10:50:27 IST" name="testResponseBody" finished-at="2023-06-19T10:50:28 IST" duration-ms="10" status="PASS">
          <reporter-output>
          </reporter-output>
        </test-method> <!-- testResponseBody -->
        <test-method signature="testServerType()[pri:0, instance:com.testcase.TC_02_GetSingleUserDetails$TC01_GetUser_Test@79e4c792]" started-at="2023-06-19T10:50:28 IST" name="testServerType" finished-at="2023-06-19T10:50:28 IST" duration-ms="9" status="PASS">
          <reporter-output>
          </reporter-output>
        </test-method> <!-- testServerType -->
        <test-method signature="testStatusCode()[pri:0, instance:com.testcase.TC_02_GetSingleUserDetails$TC01_GetUser_Test@79e4c792]" started-at="2023-06-19T10:50:28 IST" name="testStatusCode" finished-at="2023-06-19T10:50:28 IST" duration-ms="7" status="PASS">
          <reporter-output>
          </reporter-output>
        </test-method> <!-- testStatusCode -->
        <test-method signature="testStatusLine()[pri:0, instance:com.testcase.TC_02_GetSingleUserDetails$TC01_GetUser_Test@79e4c792]" started-at="2023-06-19T10:50:28 IST" name="testStatusLine" finished-at="2023-06-19T10:50:28 IST" duration-ms="7" status="PASS">
          <reporter-output>
          </reporter-output>
        </test-method> <!-- testStatusLine -->
        <test-method is-config="true" signature="tearDown()[pri:0, instance:com.testcase.TC_02_GetSingleUserDetails$TC01_GetUser_Test@79e4c792]" started-at="2023-06-19T10:50:28 IST" name="tearDown" finished-at="2023-06-19T10:50:28 IST" duration-ms="2" status="PASS">
          <reporter-output>
          </reporter-output>
        </test-method> <!-- tearDown -->
      </class> <!-- com.testcase.TC_02_GetSingleUserDetails$TC01_GetUser_Test -->
    </test> <!-- Test -->
  </suite> <!-- Suite -->
</testng-results>
